<?xml version="1.0" encoding="UTF-8"?>
<!-- Generated by org.testng.reporters.JUnitXMLReporter -->
<testsuite hostname="DESKTOP-MD2IV3J" ignored="3" name="Test" tests="1" failures="0" timestamp="2021-02-27T14:57:39 ICT" time="0.031" errors="0">
  <testcase name="test2" time="0.005" classname="com.jakartalabs.fullstack_automation.TestNGExamples"/>
  <testcase name="test2a" time="0.0" classname="com.jakartalabs.fullstack_automation.TestNGExamples">
    <ignored/>
  </testcase> <!-- test2a -->
  <testcase name="test2b" time="0.0" classname="com.jakartalabs.fullstack_automation.TestNGExamples">
    <ignored/>
  </testcase> <!-- test2b -->
  <testcase name="test1" time="0.0" classname="com.jakartalabs.fullstack_automation.TestNGExamples">
    <ignored/>
  </testcase> <!-- test1 -->
</testsuite> <!-- Test -->
