<?xml version="1.0" encoding="UTF-8"?>
<!-- Generated by org.testng.reporters.JUnitXMLReporter -->
<testsuite hostname="ASUS" ignored="0" name="Test" tests="3" failures="0" timestamp="24 Mar 2021 09:05:13 GMT" time="6.711" errors="0">
  <testcase name="testloginAPIWithIncorrectCredentials" time="3.825" classname="com.jakartalabs.fullstack_automation.APITests"/>
  <testcase name="testloginAPI" time="5.203" classname="com.jakartalabs.fullstack_automation.APITests"/>
  <testcase name="testDashboardAPI" time="1.478" classname="com.jakartalabs.fullstack_automation.APITests"/>
</testsuite> <!-- Test -->
