<?xml version="1.0" encoding="UTF-8"?>
<testng-results skipped="0" failed="0" ignored="0" total="3" passed="3">
  <reporter-output>
  </reporter-output>
  <suite name="Suite" duration-ms="6711" started-at="2021-03-24T09:05:06Z" finished-at="2021-03-24T09:05:13Z">
    <groups>
    </groups>
    <test name="Test" duration-ms="6711" started-at="2021-03-24T09:05:06Z" finished-at="2021-03-24T09:05:13Z">
      <class name="com.jakartalabs.fullstack_automation.APITests">
        <test-method status="PASS" signature="testloginAPIWithIncorrectCredentials()[pri:1, instance:com.jakartalabs.fullstack_automation.APITests@2cae1042]" name="testloginAPIWithIncorrectCredentials" duration-ms="3825" started-at="2021-03-24T09:05:06Z" finished-at="2021-03-24T09:05:10Z">
          <reporter-output>
          </reporter-output>
        </test-method> <!-- testloginAPIWithIncorrectCredentials -->
        <test-method status="PASS" signature="testloginAPI()[pri:1, instance:com.jakartalabs.fullstack_automation.APITests@2cae1042]" name="testloginAPI" duration-ms="5203" started-at="2021-03-24T09:05:06Z" finished-at="2021-03-24T09:05:11Z">
          <reporter-output>
          </reporter-output>
        </test-method> <!-- testloginAPI -->
        <test-method status="PASS" signature="testDashboardAPI()[pri:2, instance:com.jakartalabs.fullstack_automation.APITests@2cae1042]" name="testDashboardAPI" duration-ms="1478" started-at="2021-03-24T09:05:11Z" finished-at="2021-03-24T09:05:13Z">
          <reporter-output>
          </reporter-output>
        </test-method> <!-- testDashboardAPI -->
      </class> <!-- com.jakartalabs.fullstack_automation.APITests -->
    </test> <!-- Test -->
  </suite> <!-- Suite -->
</testng-results>
